D:\Users\Ole\Academic\FHL\Lehre\2015-SS_Betriebssysteme Vertiefung\Praktikum\flash\Debug\cl.command.1.tlog
D:\Users\Ole\Academic\FHL\Lehre\2015-SS_Betriebssysteme Vertiefung\Praktikum\flash\Debug\CL.read.1.tlog
D:\Users\Ole\Academic\FHL\Lehre\2015-SS_Betriebssysteme Vertiefung\Praktikum\flash\Debug\CL.write.1.tlog
D:\USERS\OLE\ACADEMIC\FHL\LEHRE\2015-SS_BETRIEBSSYSTEME VERTIEFUNG\PRAKTIKUM\FLASH\DEBUG\FLASH.EXE
D:\USERS\OLE\ACADEMIC\FHL\LEHRE\2015-SS_BETRIEBSSYSTEME VERTIEFUNG\PRAKTIKUM\FLASH\DEBUG\FLASH.EXE.EMBED.MANIFEST
D:\USERS\OLE\ACADEMIC\FHL\LEHRE\2015-SS_BETRIEBSSYSTEME VERTIEFUNG\PRAKTIKUM\FLASH\DEBUG\FLASH.EXE.EMBED.MANIFEST.RES
D:\USERS\OLE\ACADEMIC\FHL\LEHRE\2015-SS_BETRIEBSSYSTEME VERTIEFUNG\PRAKTIKUM\FLASH\DEBUG\FLASH.EXE.INTERMEDIATE.MANIFEST
D:\USERS\OLE\ACADEMIC\FHL\LEHRE\2015-SS_BETRIEBSSYSTEME VERTIEFUNG\PRAKTIKUM\FLASH\DEBUG\FLASH.ILK
D:\USERS\OLE\ACADEMIC\FHL\LEHRE\2015-SS_BETRIEBSSYSTEME VERTIEFUNG\PRAKTIKUM\FLASH\DEBUG\FLASH.PDB
D:\Users\Ole\Academic\FHL\Lehre\2015-SS_Betriebssysteme Vertiefung\Praktikum\flash\Debug\flash.vcxprojResolveAssemblyReference.cache
D:\Users\Ole\Academic\FHL\Lehre\2015-SS_Betriebssysteme Vertiefung\Praktikum\flash\Debug\flash.write.1.tlog
D:\Users\Ole\Academic\FHL\Lehre\2015-SS_Betriebssysteme Vertiefung\Praktikum\flash\Debug\flash_manifest.rc
D:\USERS\OLE\ACADEMIC\FHL\LEHRE\2015-SS_BETRIEBSSYSTEME VERTIEFUNG\PRAKTIKUM\FLASH\DEBUG\FLASHHARDWARE.OBJ
D:\USERS\OLE\ACADEMIC\FHL\LEHRE\2015-SS_BETRIEBSSYSTEME VERTIEFUNG\PRAKTIKUM\FLASH\DEBUG\HW_DEMO.OBJ
D:\Users\Ole\Academic\FHL\Lehre\2015-SS_Betriebssysteme Vertiefung\Praktikum\flash\Debug\link.12436.read.1.tlog
D:\Users\Ole\Academic\FHL\Lehre\2015-SS_Betriebssysteme Vertiefung\Praktikum\flash\Debug\link.12436.write.1.tlog
D:\Users\Ole\Academic\FHL\Lehre\2015-SS_Betriebssysteme Vertiefung\Praktikum\flash\Debug\link.12436-cvtres.read.1.tlog
D:\Users\Ole\Academic\FHL\Lehre\2015-SS_Betriebssysteme Vertiefung\Praktikum\flash\Debug\link.12436-cvtres.write.1.tlog
D:\Users\Ole\Academic\FHL\Lehre\2015-SS_Betriebssysteme Vertiefung\Praktikum\flash\Debug\link.15000.read.1.tlog
D:\Users\Ole\Academic\FHL\Lehre\2015-SS_Betriebssysteme Vertiefung\Praktikum\flash\Debug\link.15000.write.1.tlog
D:\Users\Ole\Academic\FHL\Lehre\2015-SS_Betriebssysteme Vertiefung\Praktikum\flash\Debug\link.15000-cvtres.read.1.tlog
D:\Users\Ole\Academic\FHL\Lehre\2015-SS_Betriebssysteme Vertiefung\Praktikum\flash\Debug\link.15000-cvtres.write.1.tlog
D:\Users\Ole\Academic\FHL\Lehre\2015-SS_Betriebssysteme Vertiefung\Praktikum\flash\Debug\link.5156.read.1.tlog
D:\Users\Ole\Academic\FHL\Lehre\2015-SS_Betriebssysteme Vertiefung\Praktikum\flash\Debug\link.5156.write.1.tlog
D:\Users\Ole\Academic\FHL\Lehre\2015-SS_Betriebssysteme Vertiefung\Praktikum\flash\Debug\link.5156-cvtres.read.1.tlog
D:\Users\Ole\Academic\FHL\Lehre\2015-SS_Betriebssysteme Vertiefung\Praktikum\flash\Debug\link.5156-cvtres.write.1.tlog
D:\Users\Ole\Academic\FHL\Lehre\2015-SS_Betriebssysteme Vertiefung\Praktikum\flash\Debug\link.command.1.tlog
D:\Users\Ole\Academic\FHL\Lehre\2015-SS_Betriebssysteme Vertiefung\Praktikum\flash\Debug\link.read.1.tlog
D:\Users\Ole\Academic\FHL\Lehre\2015-SS_Betriebssysteme Vertiefung\Praktikum\flash\Debug\link.write.1.tlog
D:\Users\Ole\Academic\FHL\Lehre\2015-SS_Betriebssysteme Vertiefung\Praktikum\flash\Debug\link-cvtres.read.1.tlog
D:\Users\Ole\Academic\FHL\Lehre\2015-SS_Betriebssysteme Vertiefung\Praktikum\flash\Debug\link-cvtres.write.1.tlog
D:\Users\Ole\Academic\FHL\Lehre\2015-SS_Betriebssysteme Vertiefung\Praktikum\flash\Debug\mt.command.1.tlog
D:\Users\Ole\Academic\FHL\Lehre\2015-SS_Betriebssysteme Vertiefung\Praktikum\flash\Debug\mt.read.1.tlog
D:\Users\Ole\Academic\FHL\Lehre\2015-SS_Betriebssysteme Vertiefung\Praktikum\flash\Debug\mt.write.1.tlog
D:\Users\Ole\Academic\FHL\Lehre\2015-SS_Betriebssysteme Vertiefung\Praktikum\flash\Debug\rc.command.1.tlog
D:\Users\Ole\Academic\FHL\Lehre\2015-SS_Betriebssysteme Vertiefung\Praktikum\flash\Debug\rc.read.1.tlog
D:\Users\Ole\Academic\FHL\Lehre\2015-SS_Betriebssysteme Vertiefung\Praktikum\flash\Debug\rc.write.1.tlog
D:\Users\Ole\Academic\FHL\Lehre\2015-SS_Betriebssysteme Vertiefung\Praktikum\flash\Debug\vc100.idb
D:\USERS\OLE\ACADEMIC\FHL\LEHRE\2015-SS_BETRIEBSSYSTEME VERTIEFUNG\PRAKTIKUM\FLASH\DEBUG\VC100.PDB
